<?xml version="1.0" encoding="UTF-8"?>
<testng-results skipped="0" failed="0" ignored="0" total="1" passed="1">
  <reporter-output>
  </reporter-output>
  <suite name="Default suite" duration-ms="52525" started-at="2017-10-08T05:32:59Z" finished-at="2017-10-08T05:33:51Z">
    <groups>
    </groups>
    <test name="Default test" duration-ms="52525" started-at="2017-10-08T05:32:59Z" finished-at="2017-10-08T05:33:51Z">
      <class name="com.TestScript.LoginModule">
        <test-method status="PASS" signature="setup()[pri:0, instance:com.TestScript.LoginModule@1bce4f0a]" name="setup" is-config="true" duration-ms="13902" started-at="2017-10-08T11:02:59Z" finished-at="2017-10-08T11:03:13Z">
          <reporter-output>
          </reporter-output>
        </test-method> <!-- setup -->
        <test-method status="PASS" signature="loginapplication()[pri:1, instance:com.TestScript.LoginModule@1bce4f0a]" name="loginapplication" duration-ms="37541" started-at="2017-10-08T11:03:13Z" finished-at="2017-10-08T11:03:50Z">
          <reporter-output>
          </reporter-output>
        </test-method> <!-- loginapplication -->
        <test-method status="PASS" signature="teardown()[pri:0, instance:com.TestScript.LoginModule@1bce4f0a]" name="teardown" is-config="true" duration-ms="1056" started-at="2017-10-08T11:03:50Z" finished-at="2017-10-08T11:03:51Z">
          <reporter-output>
          </reporter-output>
        </test-method> <!-- teardown -->
      </class> <!-- com.TestScript.LoginModule -->
    </test> <!-- Default test -->
  </suite> <!-- Default suite -->
</testng-results>
